2026-06-25T06:58:07.237+05:30  INFO 46188 --- [incubation-platform] [restartedMain] c.s.IncubationPlatformApplication        : Starting IncubationPlatformApplication using Java 21.0.7 with PID 46188 (C:\Users\DELL\Downloads\incubation-platform\incubation-platform\target\classes started by DELL in C:\Users\DELL\Downloads\incubation-platform\incubation-platform)
2026-06-25T06:58:07.254+05:30 DEBUG 46188 --- [incubation-platform] [restartedMain] c.s.IncubationPlatformApplication        : Running with Spring Boot v3.2.3, Spring v6.1.4
2026-06-25T06:58:07.256+05:30  INFO 46188 --- [incubation-platform] [restartedMain] c.s.IncubationPlatformApplication        : No active profile set, falling back to 1 default profile: "default"
2026-06-25T06:58:07.613+05:30  INFO 46188 --- [incubation-platform] [restartedMain] .e.DevToolsPropertyDefaultsPostProcessor : Devtools property defaults active! Set 'spring.devtools.add-properties' to 'false' to disable
2026-06-25T06:58:07.614+05:30  INFO 46188 --- [incubation-platform] [restartedMain] .e.DevToolsPropertyDefaultsPostProcessor : For additional web related logging consider setting the 'logging.level.web' property to 'DEBUG'
2026-06-25T06:58:08.763+05:30  INFO 46188 --- [incubation-platform] [restartedMain] .s.d.r.c.RepositoryConfigurationDelegate : Bootstrapping Spring Data JPA repositories in DEFAULT mode.
2026-06-25T06:58:08.856+05:30  INFO 46188 --- [incubation-platform] [restartedMain] .s.d.r.c.RepositoryConfigurationDelegate : Finished Spring Data repository scanning in 85 ms. Found 6 JPA repository interfaces.
2026-06-25T06:58:09.889+05:30  INFO 46188 --- [incubation-platform] [restartedMain] o.s.b.w.embedded.tomcat.TomcatWebServer  : Tomcat initialized with port 8080 (http)
2026-06-25T06:58:09.913+05:30  INFO 46188 --- [incubation-platform] [restartedMain] o.apache.catalina.core.StandardService   : Starting service [Tomcat]
2026-06-25T06:58:09.914+05:30  INFO 46188 --- [incubation-platform] [restartedMain] o.apache.catalina.core.StandardEngine    : Starting Servlet engine: [Apache Tomcat/10.1.19]
2026-06-25T06:58:10.006+05:30  INFO 46188 --- [incubation-platform] [restartedMain] o.a.c.c.C.[Tomcat].[localhost].[/]       : Initializing Spring embedded WebApplicationContext
2026-06-25T06:58:10.007+05:30  INFO 46188 --- [incubation-platform] [restartedMain] w.s.c.ServletWebServerApplicationContext : Root WebApplicationContext: initialization completed in 2392 ms
2026-06-25T06:58:10.863+05:30  INFO 46188 --- [incubation-platform] [restartedMain] o.s.o.j.p.SpringPersistenceUnitInfo      : No LoadTimeWeaver setup: ignoring JPA class transformer
2026-06-25T06:58:10.912+05:30  INFO 46188 --- [incubation-platform] [restartedMain] com.zaxxer.hikari.HikariDataSource       : IncubationHikariPool - Starting...
2026-06-25T06:58:11.140+05:30  INFO 46188 --- [incubation-platform] [restartedMain] com.zaxxer.hikari.pool.HikariPool        : IncubationHikariPool - Added connection com.mysql.cj.jdbc.ConnectionImpl@4f6e1191
2026-06-25T06:58:11.142+05:30  INFO 46188 --- [incubation-platform] [restartedMain] com.zaxxer.hikari.HikariDataSource       : IncubationHikariPool - Start completed.
2026-06-25T06:58:11.239+05:30  WARN 46188 --- [incubation-platform] [restartedMain] org.hibernate.orm.deprecation            : HHH90000025: MySQL8Dialect does not need to be specified explicitly using 'hibernate.dialect' (remove the property setting and it will be selected by default)
2026-06-25T06:58:11.240+05:30  WARN 46188 --- [incubation-platform] [restartedMain] org.hibernate.orm.deprecation            : HHH90000026: MySQL8Dialect has been deprecated; use org.hibernate.dialect.MySQLDialect instead
2026-06-25T06:58:12.980+05:30  INFO 46188 --- [incubation-platform] [restartedMain] j.LocalContainerEntityManagerFactoryBean : Initialized JPA EntityManagerFactory for persistence unit 'default'
2026-06-25T06:58:13.395+05:30  INFO 46188 --- [incubation-platform] [restartedMain] o.s.d.j.r.query.QueryEnhancerFactory     : Hibernate is in classpath; If applicable, HQL parser will be used.
2026-06-25T06:58:14.357+05:30  WARN 46188 --- [incubation-platform] [restartedMain] JpaBaseConfiguration$JpaWebConfiguration : spring.jpa.open-in-view is enabled by default. Therefore, database queries may be performed during view rendering. Explicitly configure spring.jpa.open-in-view to disable this warning
2026-06-25T06:58:14.901+05:30  INFO 46188 --- [incubation-platform] [restartedMain] o.s.b.a.e.web.EndpointLinksResolver      : Exposing 3 endpoint(s) beneath base path '/actuator'
2026-06-25T06:58:15.004+05:30  INFO 46188 --- [incubation-platform] [restartedMain] o.s.s.web.DefaultSecurityFilterChain     : Will secure any request with [org.springframework.security.web.session.DisableEncodeUrlFilter@15a733b7, org.springframework.security.web.context.request.async.WebAsyncManagerIntegrationFilter@6adcfd0c, org.springframework.security.web.context.SecurityContextHolderFilter@7bb3a12a, org.springframework.security.web.header.HeaderWriterFilter@7e0a86b6, org.springframework.web.filter.CorsFilter@7f348051, org.springframework.security.web.authentication.logout.LogoutFilter@74e9f450, org.springframework.security.web.authentication.UsernamePasswordAuthenticationFilter@3fabe349, org.springframework.security.web.session.ConcurrentSessionFilter@c69fea, org.springframework.security.web.savedrequest.RequestCacheAwareFilter@3bbbb9bb, org.springframework.security.web.servletapi.SecurityContextHolderAwareRequestFilter@2db587e3, org.springframework.security.web.authentication.AnonymousAuthenticationFilter@2090f64, org.springframework.security.web.session.SessionManagementFilter@70a7211b, org.springframework.security.web.access.ExceptionTranslationFilter@a7ba1be, org.springframework.security.web.access.intercept.AuthorizationFilter@6ef43ae7]
2026-06-25T06:58:15.555+05:30  INFO 46188 --- [incubation-platform] [restartedMain] o.s.b.d.a.OptionalLiveReloadServer       : LiveReload server is running on port 35729
2026-06-25T06:58:15.660+05:30  INFO 46188 --- [incubation-platform] [restartedMain] o.s.b.w.embedded.tomcat.TomcatWebServer  : Tomcat started on port 8080 (http) with context path ''
2026-06-25T06:58:15.674+05:30  INFO 46188 --- [incubation-platform] [restartedMain] c.s.IncubationPlatformApplication        : Started IncubationPlatformApplication in 8.962 seconds (process running for 9.5)
2026-06-25T06:59:33.308+05:30  INFO 46188 --- [incubation-platform] [http-nio-8080-exec-1] o.a.c.c.C.[Tomcat].[localhost].[/]       : Initializing Spring DispatcherServlet 'dispatcherServlet'
2026-06-25T06:59:33.309+05:30  INFO 46188 --- [incubation-platform] [http-nio-8080-exec-1] o.s.web.servlet.DispatcherServlet        : Initializing Servlet 'dispatcherServlet'
2026-06-25T06:59:33.314+05:30  INFO 46188 --- [incubation-platform] [http-nio-8080-exec-1] o.s.web.servlet.DispatcherServlet        : Completed initialization in 3 ms
2026-06-25T06:59:33.402+05:30 DEBUG 46188 --- [incubation-platform] [http-nio-8080-exec-1] o.s.security.web.FilterChainProxy        : Securing GET /manager/startups
2026-06-25T06:59:33.443+05:30 DEBUG 46188 --- [incubation-platform] [http-nio-8080-exec-1] o.s.s.w.a.AnonymousAuthenticationFilter  : Set SecurityContextHolder to anonymous SecurityContext
2026-06-25T06:59:33.444+05:30 DEBUG 46188 --- [incubation-platform] [http-nio-8080-exec-1] o.s.s.w.session.SessionManagementFilter  : Request requested invalid session id D63582FC2E635A65E12C873528274B41
2026-06-25T06:59:33.510+05:30 DEBUG 46188 --- [incubation-platform] [http-nio-8080-exec-1] o.s.s.w.s.HttpSessionRequestCache        : Saved request http://localhost:8080/manager/startups?continue to session
2026-06-25T06:59:33.513+05:30 DEBUG 46188 --- [incubation-platform] [http-nio-8080-exec-1] o.s.s.web.DefaultRedirectStrategy        : Redirecting to http://localhost:8080/auth/login
2026-06-25T06:59:33.529+05:30 DEBUG 46188 --- [incubation-platform] [http-nio-8080-exec-2] o.s.security.web.FilterChainProxy        : Securing GET /auth/login
2026-06-25T06:59:33.532+05:30 DEBUG 46188 --- [incubation-platform] [http-nio-8080-exec-2] o.s.s.w.a.AnonymousAuthenticationFilter  : Set SecurityContextHolder to anonymous SecurityContext
2026-06-25T06:59:33.538+05:30 DEBUG 46188 --- [incubation-platform] [http-nio-8080-exec-2] o.s.security.web.FilterChainProxy        : Secured GET /auth/login
2026-06-25T06:59:34.592+05:30 DEBUG 46188 --- [incubation-platform] [http-nio-8080-exec-4] o.s.security.web.FilterChainProxy        : Securing GET /css/style.css
2026-06-25T06:59:34.592+05:30 DEBUG 46188 --- [incubation-platform] [http-nio-8080-exec-3] o.s.security.web.FilterChainProxy        : Securing GET /js/main.js
2026-06-25T06:59:34.595+05:30 DEBUG 46188 --- [incubation-platform] [http-nio-8080-exec-3] o.s.s.w.a.AnonymousAuthenticationFilter  : Set SecurityContextHolder to anonymous SecurityContext
2026-06-25T06:59:34.595+05:30 DEBUG 46188 --- [incubation-platform] [http-nio-8080-exec-4] o.s.s.w.a.AnonymousAuthenticationFilter  : Set SecurityContextHolder to anonymous SecurityContext
2026-06-25T06:59:34.598+05:30 DEBUG 46188 --- [incubation-platform] [http-nio-8080-exec-3] o.s.security.web.FilterChainProxy        : Secured GET /js/main.js
2026-06-25T06:59:34.598+05:30 DEBUG 46188 --- [incubation-platform] [http-nio-8080-exec-4] o.s.security.web.FilterChainProxy        : Secured GET /css/style.css
2026-06-25T06:59:34.600+05:30  WARN 46188 --- [incubation-platform] [http-nio-8080-exec-3] o.s.web.servlet.PageNotFound             : No mapping for GET /js/main.js
2026-06-25T06:59:34.601+05:30  WARN 46188 --- [incubation-platform] [http-nio-8080-exec-4] o.s.web.servlet.PageNotFound             : No mapping for GET /css/style.css
2026-06-25T06:59:34.620+05:30 DEBUG 46188 --- [incubation-platform] [http-nio-8080-exec-4] o.s.security.web.FilterChainProxy        : Securing GET /error
2026-06-25T06:59:34.620+05:30 DEBUG 46188 --- [incubation-platform] [http-nio-8080-exec-3] o.s.security.web.FilterChainProxy        : Securing GET /error
2026-06-25T06:59:34.624+05:30 DEBUG 46188 --- [incubation-platform] [http-nio-8080-exec-3] o.s.security.web.FilterChainProxy        : Secured GET /error
2026-06-25T06:59:34.624+05:30 DEBUG 46188 --- [incubation-platform] [http-nio-8080-exec-4] o.s.security.web.FilterChainProxy        : Secured GET /error
2026-06-25T06:59:34.755+05:30 DEBUG 46188 --- [incubation-platform] [http-nio-8080-exec-3] o.s.s.w.a.AnonymousAuthenticationFilter  : Set SecurityContextHolder to anonymous SecurityContext
2026-06-25T06:59:34.755+05:30 DEBUG 46188 --- [incubation-platform] [http-nio-8080-exec-4] o.s.s.w.a.AnonymousAuthenticationFilter  : Set SecurityContextHolder to anonymous SecurityContext
2026-06-25T06:59:50.099+05:30 DEBUG 46188 --- [incubation-platform] [http-nio-8080-exec-8] o.s.security.web.FilterChainProxy        : Securing POST /login
2026-06-25T06:59:50.373+05:30  INFO 46188 --- [incubation-platform] [http-nio-8080-exec-8] c.s.security.CustomUserDetailsService    : ===== LOADING USER =====
2026-06-25T06:59:50.374+05:30  INFO 46188 --- [incubation-platform] [http-nio-8080-exec-8] c.s.security.CustomUserDetailsService    : Attempting to load user with email: manager.incubator@platform.com
2026-06-25T06:59:50.487+05:30  INFO 46188 --- [incubation-platform] [http-nio-8080-exec-8] c.s.security.CustomUserDetailsService    : ✅ User found: manager.incubator@platform.com
2026-06-25T06:59:50.487+05:30  INFO 46188 --- [incubation-platform] [http-nio-8080-exec-8] c.s.security.CustomUserDetailsService    : ✅ User active: true
2026-06-25T06:59:50.488+05:30  INFO 46188 --- [incubation-platform] [http-nio-8080-exec-8] c.s.security.CustomUserDetailsService    : ✅ Roles count: 0
2026-06-25T06:59:50.702+05:30 DEBUG 46188 --- [incubation-platform] [http-nio-8080-exec-8] o.s.s.a.dao.DaoAuthenticationProvider    : Authenticated user
2026-06-25T06:59:50.704+05:30 DEBUG 46188 --- [incubation-platform] [http-nio-8080-exec-8] .s.ChangeSessionIdAuthenticationStrategy : Changed session id from 793652D05279BA07C67258E1FC08D868
2026-06-25T06:59:50.706+05:30 DEBUG 46188 --- [incubation-platform] [http-nio-8080-exec-8] o.s.s.core.session.SessionRegistryImpl   : Registering session 5B0CC50AAF941E5C1527BF03BFA07097, for principal org.springframework.security.core.userdetails.User [Username=manager.incubator@platform.com, Password=[PROTECTED], Enabled=true, AccountNonExpired=true, CredentialsNonExpired=true, AccountNonLocked=true, Granted Authorities=[]]
2026-06-25T06:59:50.709+05:30 DEBUG 46188 --- [incubation-platform] [http-nio-8080-exec-8] w.c.HttpSessionSecurityContextRepository : Stored SecurityContextImpl [Authentication=UsernamePasswordAuthenticationToken [Principal=org.springframework.security.core.userdetails.User [Username=manager.incubator@platform.com, Password=[PROTECTED], Enabled=true, AccountNonExpired=true, CredentialsNonExpired=true, AccountNonLocked=true, Granted Authorities=[]], Credentials=[PROTECTED], Authenticated=true, Details=WebAuthenticationDetails [RemoteIpAddress=0:0:0:0:0:0:0:1, SessionId=793652D05279BA07C67258E1FC08D868], Granted Authorities=[]]] to HttpSession [org.apache.catalina.session.StandardSessionFacade@18c480e2]
2026-06-25T06:59:50.710+05:30 DEBUG 46188 --- [incubation-platform] [http-nio-8080-exec-8] w.a.UsernamePasswordAuthenticationFilter : Set SecurityContextHolder to UsernamePasswordAuthenticationToken [Principal=org.springframework.security.core.userdetails.User [Username=manager.incubator@platform.com, Password=[PROTECTED], Enabled=true, AccountNonExpired=true, CredentialsNonExpired=true, AccountNonLocked=true, Granted Authorities=[]], Credentials=[PROTECTED], Authenticated=true, Details=WebAuthenticationDetails [RemoteIpAddress=0:0:0:0:0:0:0:1, SessionId=793652D05279BA07C67258E1FC08D868], Granted Authorities=[]]
2026-06-25T06:59:50.712+05:30 DEBUG 46188 --- [incubation-platform] [http-nio-8080-exec-8] o.s.s.web.DefaultRedirectStrategy        : Redirecting to /dashboard
2026-06-25T06:59:50.722+05:30 DEBUG 46188 --- [incubation-platform] [http-nio-8080-exec-6] o.s.security.web.FilterChainProxy        : Securing GET /dashboard
2026-06-25T06:59:50.725+05:30 DEBUG 46188 --- [incubation-platform] [http-nio-8080-exec-6] w.c.HttpSessionSecurityContextRepository : Retrieved SecurityContextImpl [Authentication=UsernamePasswordAuthenticationToken [Principal=org.springframework.security.core.userdetails.User [Username=manager.incubator@platform.com, Password=[PROTECTED], Enabled=true, AccountNonExpired=true, CredentialsNonExpired=true, AccountNonLocked=true, Granted Authorities=[]], Credentials=[PROTECTED], Authenticated=true, Details=WebAuthenticationDetails [RemoteIpAddress=0:0:0:0:0:0:0:1, SessionId=793652D05279BA07C67258E1FC08D868], Granted Authorities=[]]]
2026-06-25T06:59:50.726+05:30 DEBUG 46188 --- [incubation-platform] [http-nio-8080-exec-6] o.s.security.web.FilterChainProxy        : Secured GET /dashboard
2026-06-25T06:59:50.730+05:30  INFO 46188 --- [incubation-platform] [http-nio-8080-exec-6] c.s.controller.DashboardController       : ===== DASHBOARD ACCESS =====
2026-06-25T06:59:50.731+05:30  INFO 46188 --- [incubation-platform] [http-nio-8080-exec-6] c.s.controller.DashboardController       : User: manager.incubator@platform.com
2026-06-25T06:59:50.731+05:30  INFO 46188 --- [incubation-platform] [http-nio-8080-exec-6] c.s.controller.DashboardController       : Authorities size: 0
2026-06-25T06:59:50.732+05:30  INFO 46188 --- [incubation-platform] [http-nio-8080-exec-6] c.s.controller.DashboardController       : Extracted Role: NO_ROLE
2026-06-25T06:59:50.733+05:30  INFO 46188 --- [incubation-platform] [http-nio-8080-exec-6] c.s.controller.DashboardController       : 🔴 FORCED: Manager dashboard
2026-06-25T06:59:51.057+05:30 DEBUG 46188 --- [incubation-platform] [http-nio-8080-exec-5] o.s.security.web.FilterChainProxy        : Securing GET /js/main.js
2026-06-25T06:59:51.057+05:30 DEBUG 46188 --- [incubation-platform] [http-nio-8080-exec-7] o.s.security.web.FilterChainProxy        : Securing GET /css/style.css
2026-06-25T06:59:51.059+05:30 DEBUG 46188 --- [incubation-platform] [http-nio-8080-exec-5] o.s.security.web.FilterChainProxy        : Secured GET /js/main.js
2026-06-25T06:59:51.059+05:30 DEBUG 46188 --- [incubation-platform] [http-nio-8080-exec-7] o.s.security.web.FilterChainProxy        : Secured GET /css/style.css
2026-06-25T06:59:51.060+05:30  WARN 46188 --- [incubation-platform] [http-nio-8080-exec-7] o.s.web.servlet.PageNotFound             : No mapping for GET /css/style.css
2026-06-25T06:59:51.060+05:30  WARN 46188 --- [incubation-platform] [http-nio-8080-exec-5] o.s.web.servlet.PageNotFound             : No mapping for GET /js/main.js
2026-06-25T06:59:51.061+05:30 DEBUG 46188 --- [incubation-platform] [http-nio-8080-exec-5] w.c.HttpSessionSecurityContextRepository : Retrieved SecurityContextImpl [Authentication=UsernamePasswordAuthenticationToken [Principal=org.springframework.security.core.userdetails.User [Username=manager.incubator@platform.com, Password=[PROTECTED], Enabled=true, AccountNonExpired=true, CredentialsNonExpired=true, AccountNonLocked=true, Granted Authorities=[]], Credentials=[PROTECTED], Authenticated=true, Details=WebAuthenticationDetails [RemoteIpAddress=0:0:0:0:0:0:0:1, SessionId=793652D05279BA07C67258E1FC08D868], Granted Authorities=[]]]
2026-06-25T06:59:51.061+05:30 DEBUG 46188 --- [incubation-platform] [http-nio-8080-exec-7] w.c.HttpSessionSecurityContextRepository : Retrieved SecurityContextImpl [Authentication=UsernamePasswordAuthenticationToken [Principal=org.springframework.security.core.userdetails.User [Username=manager.incubator@platform.com, Password=[PROTECTED], Enabled=true, AccountNonExpired=true, CredentialsNonExpired=true, AccountNonLocked=true, Granted Authorities=[]], Credentials=[PROTECTED], Authenticated=true, Details=WebAuthenticationDetails [RemoteIpAddress=0:0:0:0:0:0:0:1, SessionId=793652D05279BA07C67258E1FC08D868], Granted Authorities=[]]]
2026-06-25T06:59:51.063+05:30 DEBUG 46188 --- [incubation-platform] [http-nio-8080-exec-7] o.s.security.web.FilterChainProxy        : Securing GET /error
2026-06-25T06:59:51.063+05:30 DEBUG 46188 --- [incubation-platform] [http-nio-8080-exec-5] o.s.security.web.FilterChainProxy        : Securing GET /error
2026-06-25T06:59:51.064+05:30 DEBUG 46188 --- [incubation-platform] [http-nio-8080-exec-7] o.s.security.web.FilterChainProxy        : Secured GET /error
2026-06-25T06:59:51.065+05:30 DEBUG 46188 --- [incubation-platform] [http-nio-8080-exec-5] o.s.security.web.FilterChainProxy        : Secured GET /error
2026-06-25T06:59:51.069+05:30 DEBUG 46188 --- [incubation-platform] [http-nio-8080-exec-5] w.c.HttpSessionSecurityContextRepository : Retrieved SecurityContextImpl [Authentication=UsernamePasswordAuthenticationToken [Principal=org.springframework.security.core.userdetails.User [Username=manager.incubator@platform.com, Password=[PROTECTED], Enabled=true, AccountNonExpired=true, CredentialsNonExpired=true, AccountNonLocked=true, Granted Authorities=[]], Credentials=[PROTECTED], Authenticated=true, Details=WebAuthenticationDetails [RemoteIpAddress=0:0:0:0:0:0:0:1, SessionId=793652D05279BA07C67258E1FC08D868], Granted Authorities=[]]]
2026-06-25T06:59:51.069+05:30 DEBUG 46188 --- [incubation-platform] [http-nio-8080-exec-7] w.c.HttpSessionSecurityContextRepository : Retrieved SecurityContextImpl [Authentication=UsernamePasswordAuthenticationToken [Principal=org.springframework.security.core.userdetails.User [Username=manager.incubator@platform.com, Password=[PROTECTED], Enabled=true, AccountNonExpired=true, CredentialsNonExpired=true, AccountNonLocked=true, Granted Authorities=[]], Credentials=[PROTECTED], Authenticated=true, Details=WebAuthenticationDetails [RemoteIpAddress=0:0:0:0:0:0:0:1, SessionId=793652D05279BA07C67258E1FC08D868], Granted Authorities=[]]]
2026-06-25T06:59:53.705+05:30 DEBUG 46188 --- [incubation-platform] [http-nio-8080-exec-9] o.s.security.web.FilterChainProxy        : Securing GET /manager/startups
2026-06-25T06:59:53.709+05:30 DEBUG 46188 --- [incubation-platform] [http-nio-8080-exec-9] w.c.HttpSessionSecurityContextRepository : Retrieved SecurityContextImpl [Authentication=UsernamePasswordAuthenticationToken [Principal=org.springframework.security.core.userdetails.User [Username=manager.incubator@platform.com, Password=[PROTECTED], Enabled=true, AccountNonExpired=true, CredentialsNonExpired=true, AccountNonLocked=true, Granted Authorities=[]], Credentials=[PROTECTED], Authenticated=true, Details=WebAuthenticationDetails [RemoteIpAddress=0:0:0:0:0:0:0:1, SessionId=793652D05279BA07C67258E1FC08D868], Granted Authorities=[]]]
2026-06-25T06:59:53.711+05:30 DEBUG 46188 --- [incubation-platform] [http-nio-8080-exec-9] o.s.s.w.access.AccessDeniedHandlerImpl   : Forwarding to /auth/login?error=forbidden with status code 403
2026-06-25T06:59:53.718+05:30 DEBUG 46188 --- [incubation-platform] [http-nio-8080-exec-9] o.s.security.web.FilterChainProxy        : Securing GET /auth/login?error=forbidden
2026-06-25T06:59:53.725+05:30 DEBUG 46188 --- [incubation-platform] [http-nio-8080-exec-9] o.s.security.web.FilterChainProxy        : Secured GET /auth/login?error=forbidden
2026-06-25T06:59:53.764+05:30 DEBUG 46188 --- [incubation-platform] [http-nio-8080-exec-1] o.s.security.web.FilterChainProxy        : Securing GET /js/main.js
2026-06-25T06:59:53.764+05:30 DEBUG 46188 --- [incubation-platform] [http-nio-8080-exec-10] o.s.security.web.FilterChainProxy        : Securing GET /css/style.css
2026-06-25T06:59:53.767+05:30 DEBUG 46188 --- [incubation-platform] [http-nio-8080-exec-1] o.s.security.web.FilterChainProxy        : Secured GET /js/main.js
2026-06-25T06:59:53.768+05:30 DEBUG 46188 --- [incubation-platform] [http-nio-8080-exec-10] o.s.security.web.FilterChainProxy        : Secured GET /css/style.css
2026-06-25T06:59:53.768+05:30  WARN 46188 --- [incubation-platform] [http-nio-8080-exec-1] o.s.web.servlet.PageNotFound             : No mapping for GET /js/main.js
2026-06-25T06:59:53.769+05:30 DEBUG 46188 --- [incubation-platform] [http-nio-8080-exec-1] w.c.HttpSessionSecurityContextRepository : Retrieved SecurityContextImpl [Authentication=UsernamePasswordAuthenticationToken [Principal=org.springframework.security.core.userdetails.User [Username=manager.incubator@platform.com, Password=[PROTECTED], Enabled=true, AccountNonExpired=true, CredentialsNonExpired=true, AccountNonLocked=true, Granted Authorities=[]], Credentials=[PROTECTED], Authenticated=true, Details=WebAuthenticationDetails [RemoteIpAddress=0:0:0:0:0:0:0:1, SessionId=793652D05279BA07C67258E1FC08D868], Granted Authorities=[]]]
2026-06-25T06:59:53.769+05:30  WARN 46188 --- [incubation-platform] [http-nio-8080-exec-10] o.s.web.servlet.PageNotFound             : No mapping for GET /css/style.css
2026-06-25T06:59:53.770+05:30 DEBUG 46188 --- [incubation-platform] [http-nio-8080-exec-10] w.c.HttpSessionSecurityContextRepository : Retrieved SecurityContextImpl [Authentication=UsernamePasswordAuthenticationToken [Principal=org.springframework.security.core.userdetails.User [Username=manager.incubator@platform.com, Password=[PROTECTED], Enabled=true, AccountNonExpired=true, CredentialsNonExpired=true, AccountNonLocked=true, Granted Authorities=[]], Credentials=[PROTECTED], Authenticated=true, Details=WebAuthenticationDetails [RemoteIpAddress=0:0:0:0:0:0:0:1, SessionId=793652D05279BA07C67258E1FC08D868], Granted Authorities=[]]]
2026-06-25T06:59:53.772+05:30 DEBUG 46188 --- [incubation-platform] [http-nio-8080-exec-10] o.s.security.web.FilterChainProxy        : Securing GET /error
2026-06-25T06:59:53.772+05:30 DEBUG 46188 --- [incubation-platform] [http-nio-8080-exec-1] o.s.security.web.FilterChainProxy        : Securing GET /error
2026-06-25T06:59:53.774+05:30 DEBUG 46188 --- [incubation-platform] [http-nio-8080-exec-1] o.s.security.web.FilterChainProxy        : Secured GET /error
2026-06-25T06:59:53.775+05:30 DEBUG 46188 --- [incubation-platform] [http-nio-8080-exec-10] o.s.security.web.FilterChainProxy        : Secured GET /error
2026-06-25T06:59:53.778+05:30 DEBUG 46188 --- [incubation-platform] [http-nio-8080-exec-1] w.c.HttpSessionSecurityContextRepository : Retrieved SecurityContextImpl [Authentication=UsernamePasswordAuthenticationToken [Principal=org.springframework.security.core.userdetails.User [Username=manager.incubator@platform.com, Password=[PROTECTED], Enabled=true, AccountNonExpired=true, CredentialsNonExpired=true, AccountNonLocked=true, Granted Authorities=[]], Credentials=[PROTECTED], Authenticated=true, Details=WebAuthenticationDetails [RemoteIpAddress=0:0:0:0:0:0:0:1, SessionId=793652D05279BA07C67258E1FC08D868], Granted Authorities=[]]]
2026-06-25T06:59:53.781+05:30 DEBUG 46188 --- [incubation-platform] [http-nio-8080-exec-10] w.c.HttpSessionSecurityContextRepository : Retrieved SecurityContextImpl [Authentication=UsernamePasswordAuthenticationToken [Principal=org.springframework.security.core.userdetails.User [Username=manager.incubator@platform.com, Password=[PROTECTED], Enabled=true, AccountNonExpired=true, CredentialsNonExpired=true, AccountNonLocked=true, Granted Authorities=[]], Credentials=[PROTECTED], Authenticated=true, Details=WebAuthenticationDetails [RemoteIpAddress=0:0:0:0:0:0:0:1, SessionId=793652D05279BA07C67258E1FC08D868], Granted Authorities=[]]]
2026-06-25T06:59:56.956+05:30 DEBUG 46188 --- [incubation-platform] [http-nio-8080-exec-2] o.s.security.web.FilterChainProxy        : Securing GET /manager/mentors
2026-06-25T06:59:56.959+05:30 DEBUG 46188 --- [incubation-platform] [http-nio-8080-exec-2] w.c.HttpSessionSecurityContextRepository : Retrieved SecurityContextImpl [Authentication=UsernamePasswordAuthenticationToken [Principal=org.springframework.security.core.userdetails.User [Username=manager.incubator@platform.com, Password=[PROTECTED], Enabled=true, AccountNonExpired=true, CredentialsNonExpired=true, AccountNonLocked=true, Granted Authorities=[]], Credentials=[PROTECTED], Authenticated=true, Details=WebAuthenticationDetails [RemoteIpAddress=0:0:0:0:0:0:0:1, SessionId=793652D05279BA07C67258E1FC08D868], Granted Authorities=[]]]
2026-06-25T06:59:56.961+05:30 DEBUG 46188 --- [incubation-platform] [http-nio-8080-exec-2] o.s.s.w.access.AccessDeniedHandlerImpl   : Forwarding to /auth/login?error=forbidden with status code 403
2026-06-25T06:59:56.964+05:30 DEBUG 46188 --- [incubation-platform] [http-nio-8080-exec-2] o.s.security.web.FilterChainProxy        : Securing GET /auth/login?error=forbidden
2026-06-25T06:59:56.968+05:30 DEBUG 46188 --- [incubation-platform] [http-nio-8080-exec-2] o.s.security.web.FilterChainProxy        : Secured GET /auth/login?error=forbidden
2026-06-25T06:59:57.006+05:30 DEBUG 46188 --- [incubation-platform] [http-nio-8080-exec-3] o.s.security.web.FilterChainProxy        : Securing GET /css/style.css
2026-06-25T06:59:57.008+05:30 DEBUG 46188 --- [incubation-platform] [http-nio-8080-exec-3] o.s.security.web.FilterChainProxy        : Secured GET /css/style.css
2026-06-25T06:59:57.009+05:30  WARN 46188 --- [incubation-platform] [http-nio-8080-exec-3] o.s.web.servlet.PageNotFound             : No mapping for GET /css/style.css
2026-06-25T06:59:57.009+05:30 DEBUG 46188 --- [incubation-platform] [http-nio-8080-exec-4] o.s.security.web.FilterChainProxy        : Securing GET /js/main.js
2026-06-25T06:59:57.010+05:30 DEBUG 46188 --- [incubation-platform] [http-nio-8080-exec-3] w.c.HttpSessionSecurityContextRepository : Retrieved SecurityContextImpl [Authentication=UsernamePasswordAuthenticationToken [Principal=org.springframework.security.core.userdetails.User [Username=manager.incubator@platform.com, Password=[PROTECTED], Enabled=true, AccountNonExpired=true, CredentialsNonExpired=true, AccountNonLocked=true, Granted Authorities=[]], Credentials=[PROTECTED], Authenticated=true, Details=WebAuthenticationDetails [RemoteIpAddress=0:0:0:0:0:0:0:1, SessionId=793652D05279BA07C67258E1FC08D868], Granted Authorities=[]]]
2026-06-25T06:59:57.013+05:30 DEBUG 46188 --- [incubation-platform] [http-nio-8080-exec-4] o.s.security.web.FilterChainProxy        : Secured GET /js/main.js
2026-06-25T06:59:57.014+05:30 DEBUG 46188 --- [incubation-platform] [http-nio-8080-exec-3] o.s.security.web.FilterChainProxy        : Securing GET /error
2026-06-25T06:59:57.015+05:30  WARN 46188 --- [incubation-platform] [http-nio-8080-exec-4] o.s.web.servlet.PageNotFound             : No mapping for GET /js/main.js
2026-06-25T06:59:57.016+05:30 DEBUG 46188 --- [incubation-platform] [http-nio-8080-exec-4] w.c.HttpSessionSecurityContextRepository : Retrieved SecurityContextImpl [Authentication=UsernamePasswordAuthenticationToken [Principal=org.springframework.security.core.userdetails.User [Username=manager.incubator@platform.com, Password=[PROTECTED], Enabled=true, AccountNonExpired=true, CredentialsNonExpired=true, AccountNonLocked=true, Granted Authorities=[]], Credentials=[PROTECTED], Authenticated=true, Details=WebAuthenticationDetails [RemoteIpAddress=0:0:0:0:0:0:0:1, SessionId=793652D05279BA07C67258E1FC08D868], Granted Authorities=[]]]
2026-06-25T06:59:57.016+05:30 DEBUG 46188 --- [incubation-platform] [http-nio-8080-exec-3] o.s.security.web.FilterChainProxy        : Secured GET /error
2026-06-25T06:59:57.019+05:30 DEBUG 46188 --- [incubation-platform] [http-nio-8080-exec-4] o.s.security.web.FilterChainProxy        : Securing GET /error
2026-06-25T06:59:57.021+05:30 DEBUG 46188 --- [incubation-platform] [http-nio-8080-exec-4] o.s.security.web.FilterChainProxy        : Secured GET /error
2026-06-25T06:59:57.022+05:30 DEBUG 46188 --- [incubation-platform] [http-nio-8080-exec-3] w.c.HttpSessionSecurityContextRepository : Retrieved SecurityContextImpl [Authentication=UsernamePasswordAuthenticationToken [Principal=org.springframework.security.core.userdetails.User [Username=manager.incubator@platform.com, Password=[PROTECTED], Enabled=true, AccountNonExpired=true, CredentialsNonExpired=true, AccountNonLocked=true, Granted Authorities=[]], Credentials=[PROTECTED], Authenticated=true, Details=WebAuthenticationDetails [RemoteIpAddress=0:0:0:0:0:0:0:1, SessionId=793652D05279BA07C67258E1FC08D868], Granted Authorities=[]]]
2026-06-25T06:59:57.025+05:30 DEBUG 46188 --- [incubation-platform] [http-nio-8080-exec-4] w.c.HttpSessionSecurityContextRepository : Retrieved SecurityContextImpl [Authentication=UsernamePasswordAuthenticationToken [Principal=org.springframework.security.core.userdetails.User [Username=manager.incubator@platform.com, Password=[PROTECTED], Enabled=true, AccountNonExpired=true, CredentialsNonExpired=true, AccountNonLocked=true, Granted Authorities=[]], Credentials=[PROTECTED], Authenticated=true, Details=WebAuthenticationDetails [RemoteIpAddress=0:0:0:0:0:0:0:1, SessionId=793652D05279BA07C67258E1FC08D868], Granted Authorities=[]]]
2026-06-25T07:00:00.991+05:30 DEBUG 46188 --- [incubation-platform] [http-nio-8080-exec-8] o.s.security.web.FilterChainProxy        : Securing GET /manager/funding
2026-06-25T07:00:00.992+05:30 DEBUG 46188 --- [incubation-platform] [http-nio-8080-exec-8] w.c.HttpSessionSecurityContextRepository : Retrieved SecurityContextImpl [Authentication=UsernamePasswordAuthenticationToken [Principal=org.springframework.security.core.userdetails.User [Username=manager.incubator@platform.com, Password=[PROTECTED], Enabled=true, AccountNonExpired=true, CredentialsNonExpired=true, AccountNonLocked=true, Granted Authorities=[]], Credentials=[PROTECTED], Authenticated=true, Details=WebAuthenticationDetails [RemoteIpAddress=0:0:0:0:0:0:0:1, SessionId=793652D05279BA07C67258E1FC08D868], Granted Authorities=[]]]
2026-06-25T07:00:00.995+05:30 DEBUG 46188 --- [incubation-platform] [http-nio-8080-exec-8] o.s.s.w.access.AccessDeniedHandlerImpl   : Forwarding to /auth/login?error=forbidden with status code 403
2026-06-25T07:00:00.998+05:30 DEBUG 46188 --- [incubation-platform] [http-nio-8080-exec-8] o.s.security.web.FilterChainProxy        : Securing GET /auth/login?error=forbidden
2026-06-25T07:00:01.000+05:30 DEBUG 46188 --- [incubation-platform] [http-nio-8080-exec-8] o.s.security.web.FilterChainProxy        : Secured GET /auth/login?error=forbidden
2026-06-25T07:00:01.034+05:30 DEBUG 46188 --- [incubation-platform] [http-nio-8080-exec-5] o.s.security.web.FilterChainProxy        : Securing GET /js/main.js
2026-06-25T07:00:01.034+05:30 DEBUG 46188 --- [incubation-platform] [http-nio-8080-exec-6] o.s.security.web.FilterChainProxy        : Securing GET /css/style.css
2026-06-25T07:00:01.039+05:30 DEBUG 46188 --- [incubation-platform] [http-nio-8080-exec-5] o.s.security.web.FilterChainProxy        : Secured GET /js/main.js
2026-06-25T07:00:01.039+05:30 DEBUG 46188 --- [incubation-platform] [http-nio-8080-exec-6] o.s.security.web.FilterChainProxy        : Secured GET /css/style.css
2026-06-25T07:00:01.040+05:30  WARN 46188 --- [incubation-platform] [http-nio-8080-exec-5] o.s.web.servlet.PageNotFound             : No mapping for GET /js/main.js
2026-06-25T07:00:01.040+05:30  WARN 46188 --- [incubation-platform] [http-nio-8080-exec-6] o.s.web.servlet.PageNotFound             : No mapping for GET /css/style.css
2026-06-25T07:00:01.040+05:30 DEBUG 46188 --- [incubation-platform] [http-nio-8080-exec-5] w.c.HttpSessionSecurityContextRepository : Retrieved SecurityContextImpl [Authentication=UsernamePasswordAuthenticationToken [Principal=org.springframework.security.core.userdetails.User [Username=manager.incubator@platform.com, Password=[PROTECTED], Enabled=true, AccountNonExpired=true, CredentialsNonExpired=true, AccountNonLocked=true, Granted Authorities=[]], Credentials=[PROTECTED], Authenticated=true, Details=WebAuthenticationDetails [RemoteIpAddress=0:0:0:0:0:0:0:1, SessionId=793652D05279BA07C67258E1FC08D868], Granted Authorities=[]]]
2026-06-25T07:00:01.041+05:30 DEBUG 46188 --- [incubation-platform] [http-nio-8080-exec-6] w.c.HttpSessionSecurityContextRepository : Retrieved SecurityContextImpl [Authentication=UsernamePasswordAuthenticationToken [Principal=org.springframework.security.core.userdetails.User [Username=manager.incubator@platform.com, Password=[PROTECTED], Enabled=true, AccountNonExpired=true, CredentialsNonExpired=true, AccountNonLocked=true, Granted Authorities=[]], Credentials=[PROTECTED], Authenticated=true, Details=WebAuthenticationDetails [RemoteIpAddress=0:0:0:0:0:0:0:1, SessionId=793652D05279BA07C67258E1FC08D868], Granted Authorities=[]]]
2026-06-25T07:00:01.042+05:30 DEBUG 46188 --- [incubation-platform] [http-nio-8080-exec-5] o.s.security.web.FilterChainProxy        : Securing GET /error
2026-06-25T07:00:01.043+05:30 DEBUG 46188 --- [incubation-platform] [http-nio-8080-exec-6] o.s.security.web.FilterChainProxy        : Securing GET /error
2026-06-25T07:00:01.044+05:30 DEBUG 46188 --- [incubation-platform] [http-nio-8080-exec-5] o.s.security.web.FilterChainProxy        : Secured GET /error
2026-06-25T07:00:01.046+05:30 DEBUG 46188 --- [incubation-platform] [http-nio-8080-exec-6] o.s.security.web.FilterChainProxy        : Secured GET /error
2026-06-25T07:00:01.050+05:30 DEBUG 46188 --- [incubation-platform] [http-nio-8080-exec-5] w.c.HttpSessionSecurityContextRepository : Retrieved SecurityContextImpl [Authentication=UsernamePasswordAuthenticationToken [Principal=org.springframework.security.core.userdetails.User [Username=manager.incubator@platform.com, Password=[PROTECTED], Enabled=true, AccountNonExpired=true, CredentialsNonExpired=true, AccountNonLocked=true, Granted Authorities=[]], Credentials=[PROTECTED], Authenticated=true, Details=WebAuthenticationDetails [RemoteIpAddress=0:0:0:0:0:0:0:1, SessionId=793652D05279BA07C67258E1FC08D868], Granted Authorities=[]]]
2026-06-25T07:00:01.050+05:30 DEBUG 46188 --- [incubation-platform] [http-nio-8080-exec-6] w.c.HttpSessionSecurityContextRepository : Retrieved SecurityContextImpl [Authentication=UsernamePasswordAuthenticationToken [Principal=org.springframework.security.core.userdetails.User [Username=manager.incubator@platform.com, Password=[PROTECTED], Enabled=true, AccountNonExpired=true, CredentialsNonExpired=true, AccountNonLocked=true, Granted Authorities=[]], Credentials=[PROTECTED], Authenticated=true, Details=WebAuthenticationDetails [RemoteIpAddress=0:0:0:0:0:0:0:1, SessionId=793652D05279BA07C67258E1FC08D868], Granted Authorities=[]]]
2026-06-25T07:01:38.048+05:30  INFO 46188 --- [incubation-platform] [SpringApplicationShutdownHook] j.LocalContainerEntityManagerFactoryBean : Closing JPA EntityManagerFactory for persistence unit 'default'
2026-06-25T07:01:38.053+05:30  INFO 46188 --- [incubation-platform] [SpringApplicationShutdownHook] com.zaxxer.hikari.HikariDataSource       : IncubationHikariPool - Shutdown initiated...
2026-06-25T07:01:38.065+05:30  INFO 46188 --- [incubation-platform] [SpringApplicationShutdownHook] com.zaxxer.hikari.HikariDataSource       : IncubationHikariPool - Shutdown completed.
